Copyright 1986-2022 Xilinx, Inc. All Rights Reserved. Copyright 2022-2024 Advanced Micro Devices, Inc. All Rights Reserved.
---------------------------------------------------------------------------------------------------------------------------------------------------------------------------------------------------------------------------
| Tool Version : Vivado v.2024.2 (win64) Build 5239630 Fri Nov 08 22:35:27 MST 2024
| Date         : Mon Mar  9 16:58:34 2026
| Host         : Stoic running 64-bit major release  (build 9200)
| Command      : report_timing_summary -max_paths 10 -report_unconstrained -file top_module_timing_summary_routed.rpt -pb top_module_timing_summary_routed.pb -rpx top_module_timing_summary_routed.rpx -warn_on_violation
| Design       : top_module
| Device       : 7a35t-ftg256
| Speed File   : -1  PRODUCTION 1.23 2018-06-13
| Design State : Routed
---------------------------------------------------------------------------------------------------------------------------------------------------------------------------------------------------------------------------

Timing Summary Report

------------------------------------------------------------------------------------------------
| Timer Settings
| --------------
------------------------------------------------------------------------------------------------

  Enable Multi Corner Analysis               :  Yes
  Enable Pessimism Removal                   :  Yes
  Pessimism Removal Resolution               :  Nearest Common Node
  Enable Input Delay Default Clock           :  No
  Enable Preset / Clear Arcs                 :  No
  Disable Flight Delays                      :  No
  Ignore I/O Paths                           :  No
  Timing Early Launch at Borrowing Latches   :  No
  Borrow Time for Max Delay Exceptions       :  Yes
  Merge Timing Exceptions                    :  Yes
  Inter-SLR Compensation                     :  Conservative

  Corner  Analyze    Analyze    
  Name    Max Paths  Min Paths  
  ------  ---------  ---------  
  Slow    Yes        Yes        
  Fast    Yes        Yes        


------------------------------------------------------------------------------------------------
| Report Methodology
| ------------------
------------------------------------------------------------------------------------------------

Rule       Severity          Description                                 Violations  
---------  ----------------  ------------------------------------------  ----------  
TIMING-17  Critical Warning  Non-clocked sequential cell                 575         
HPDR-1     Warning           Port pin direction inconsistency            1           
SYNTH-6    Warning           Timing of a RAM block might be sub-optimal  2           
SYNTH-16   Warning           Address collision                           2           

Note: This report is based on the most recent report_methodology run and may not be up-to-date. Run report_methodology on the current design for the latest report.



check_timing report

Table of Contents
-----------------
1. checking no_clock (575)
2. checking constant_clock (0)
3. checking pulse_width_clock (0)
4. checking unconstrained_internal_endpoints (1476)
5. checking no_input_delay (34)
6. checking no_output_delay (56)
7. checking multiple_clock (0)
8. checking generated_clocks (0)
9. checking loops (0)
10. checking partial_input_delay (0)
11. checking partial_output_delay (0)
12. checking latch_loops (0)

1. checking no_clock (575)
--------------------------
 There are 575 register/latch pins with no clock driven by root clock pin: clk (HIGH)


2. checking constant_clock (0)
------------------------------
 There are 0 register/latch pins with constant_clock.


3. checking pulse_width_clock (0)
---------------------------------
 There are 0 register/latch pins which need pulse_width check


4. checking unconstrained_internal_endpoints (1476)
---------------------------------------------------
 There are 1476 pins that are not constrained for maximum delay. (HIGH)

 There are 0 pins that are not constrained for maximum delay due to constant clock.


5. checking no_input_delay (34)
-------------------------------
 There are 34 input ports with no input delay specified. (HIGH)

 There are 0 input ports with no input delay but user has a false path constraint.


6. checking no_output_delay (56)
--------------------------------
 There are 56 ports with no output delay specified. (HIGH)

 There are 0 ports with no output delay but user has a false path constraint

 There are 0 ports with no output delay but with a timing clock defined on it or propagating through it


7. checking multiple_clock (0)
------------------------------
 There are 0 register/latch pins with multiple clocks.


8. checking generated_clocks (0)
--------------------------------
 There are 0 generated clocks that are not connected to a clock source.


9. checking loops (0)
---------------------
 There are 0 combinational loops in the design.


10. checking partial_input_delay (0)
------------------------------------
 There are 0 input ports with partial input delay specified.


11. checking partial_output_delay (0)
-------------------------------------
 There are 0 ports with partial output delay specified.


12. checking latch_loops (0)
----------------------------
 There are 0 combinational latch loops in the design through latch input



------------------------------------------------------------------------------------------------
| Design Timing Summary
| ---------------------
------------------------------------------------------------------------------------------------

    WNS(ns)      TNS(ns)  TNS Failing Endpoints  TNS Total Endpoints      WHS(ns)      THS(ns)  THS Failing Endpoints  THS Total Endpoints     WPWS(ns)     TPWS(ns)  TPWS Failing Endpoints  TPWS Total Endpoints  
    -------      -------  ---------------------  -------------------      -------      -------  ---------------------  -------------------     --------     --------  ----------------------  --------------------  
        inf        0.000                      0                 1536          inf        0.000                      0                 1536           NA           NA                      NA                    NA  


There are no user specified timing constraints.


------------------------------------------------------------------------------------------------
| Clock Summary
| -------------
------------------------------------------------------------------------------------------------


------------------------------------------------------------------------------------------------
| Intra Clock Table
| -----------------
------------------------------------------------------------------------------------------------

Clock             WNS(ns)      TNS(ns)  TNS Failing Endpoints  TNS Total Endpoints      WHS(ns)      THS(ns)  THS Failing Endpoints  THS Total Endpoints     WPWS(ns)     TPWS(ns)  TPWS Failing Endpoints  TPWS Total Endpoints  
-----             -------      -------  ---------------------  -------------------      -------      -------  ---------------------  -------------------     --------     --------  ----------------------  --------------------  


------------------------------------------------------------------------------------------------
| Inter Clock Table
| -----------------
------------------------------------------------------------------------------------------------

From Clock    To Clock          WNS(ns)      TNS(ns)  TNS Failing Endpoints  TNS Total Endpoints      WHS(ns)      THS(ns)  THS Failing Endpoints  THS Total Endpoints  
----------    --------          -------      -------  ---------------------  -------------------      -------      -------  ---------------------  -------------------  


------------------------------------------------------------------------------------------------
| Other Path Groups Table
| -----------------------
------------------------------------------------------------------------------------------------

Path Group    From Clock    To Clock          WNS(ns)      TNS(ns)  TNS Failing Endpoints  TNS Total Endpoints      WHS(ns)      THS(ns)  THS Failing Endpoints  THS Total Endpoints  
----------    ----------    --------          -------      -------  ---------------------  -------------------      -------      -------  ---------------------  -------------------  


------------------------------------------------------------------------------------------------
| User Ignored Path Table
| -----------------------
------------------------------------------------------------------------------------------------

Path Group    From Clock    To Clock    
----------    ----------    --------    


------------------------------------------------------------------------------------------------
| Unconstrained Path Table
| ------------------------
------------------------------------------------------------------------------------------------

Path Group    From Clock    To Clock    
----------    ----------    --------    
(none)                                    


------------------------------------------------------------------------------------------------
| Timing Details
| --------------
------------------------------------------------------------------------------------------------


--------------------------------------------------------------------------------------
Path Group:  (none)
From Clock:  
  To Clock:  

Max Delay          1536 Endpoints
Min Delay          1536 Endpoints
--------------------------------------------------------------------------------------


Max Delay Paths
--------------------------------------------------------------------------------------
Slack:                    inf
  Source:                 m1/m2/m0/ram_reg/CLKBWRCLK
                            (rising edge-triggered cell RAMB18E1)
  Destination:            m_ip/pixel_out_reg[15]/D
  Path Group:             (none)
  Path Type:              Max at Slow Process Corner
  Data Path Delay:        12.945ns  (logic 6.810ns (52.605%)  route 6.135ns (47.395%))
  Logic Levels:           14  (CARRY4=7 LUT2=3 LUT3=2 LUT4=1 RAMB18E1=1)

    Location             Delay type                Incr(ns)  Path(ns)    Netlist Resource(s)
  -------------------------------------------------------------------    -------------------
    RAMB18_X0Y30         RAMB18E1                     0.000     0.000 r  m1/m2/m0/ram_reg/CLKBWRCLK
    RAMB18_X0Y30         RAMB18E1 (Prop_ramb18e1_CLKBWRCLK_DOBDO[13])
                                                      2.454     2.454 r  m1/m2/m0/ram_reg/DOBDO[13]
                         net (fo=13, routed)          1.726     4.180    m1/m2/m0/DOBDO[13]
    SLICE_X2Y69          LUT2 (Prop_lut2_I1_O)        0.124     4.304 r  m1/m2/m0/y_calc1_carry_i_3/O
                         net (fo=1, routed)           0.000     4.304    m_ip/y_calc_carry_i_3_0[0]
    SLICE_X2Y69          CARRY4 (Prop_carry4_S[1]_CO[3])
                                                      0.533     4.837 r  m_ip/y_calc1_carry/CO[3]
                         net (fo=1, routed)           0.000     4.837    m_ip/y_calc1_carry_n_0
    SLICE_X2Y70          CARRY4 (Prop_carry4_CI_O[3])
                                                      0.315     5.152 r  m_ip/y_calc1_carry__0/O[3]
                         net (fo=2, routed)           0.599     5.752    m1/m2/m0/O[2]
    SLICE_X0Y69          LUT3 (Prop_lut3_I1_O)        0.307     6.059 r  m1/m2/m0/y_calc1__24_carry__0_i_1/O
                         net (fo=2, routed)           0.888     6.947    m1/m2/m0/DI[2]
    SLICE_X1Y69          LUT4 (Prop_lut4_I3_O)        0.124     7.071 r  m1/m2/m0/y_calc1__24_carry__0_i_4/O
                         net (fo=1, routed)           0.000     7.071    m_ip/y_calc_carry__0_i_2_0[3]
    SLICE_X1Y69          CARRY4 (Prop_carry4_S[3]_CO[3])
                                                      0.401     7.472 r  m_ip/y_calc1__24_carry__0/CO[3]
                         net (fo=1, routed)           0.000     7.472    m_ip/y_calc1__24_carry__0_n_0
    SLICE_X1Y70          CARRY4 (Prop_carry4_CI_O[1])
                                                      0.334     7.806 r  m_ip/y_calc1__24_carry__1/O[1]
                         net (fo=1, routed)           0.936     8.742    m1/m2/m0/y_calc_carry__2_0[0]
    SLICE_X3Y68          LUT2 (Prop_lut2_I1_O)        0.303     9.045 r  m1/m2/m0/y_calc_carry__1_i_1/O
                         net (fo=1, routed)           0.000     9.045    m_ip/y_calc__41_carry__0_i_1_0[0]
    SLICE_X3Y68          CARRY4 (Prop_carry4_S[3]_CO[3])
                                                      0.401     9.446 r  m_ip/y_calc_carry__1/CO[3]
                         net (fo=1, routed)           0.000     9.446    m_ip/y_calc_carry__1_n_0
    SLICE_X3Y69          CARRY4 (Prop_carry4_CI_O[1])
                                                      0.334     9.780 r  m_ip/y_calc_carry__2/O[1]
                         net (fo=1, routed)           0.809    10.588    m_ip/C[13]
    SLICE_X4Y70          LUT2 (Prop_lut2_I1_O)        0.303    10.891 r  m_ip/y_calc__41_carry__2_i_3/O
                         net (fo=1, routed)           0.000    10.891    m_ip/y_calc__41_carry__2_i_3_n_0
    SLICE_X4Y70          CARRY4 (Prop_carry4_S[0]_O[2])
                                                      0.547    11.438 r  m_ip/y_calc__41_carry__2/O[2]
                         net (fo=3, routed)           1.177    12.615    m_ip/y_calc[15]
    SLICE_X1Y66          LUT3 (Prop_lut3_I0_O)        0.330    12.945 r  m_ip/pixel_out[15]_i_1/O
                         net (fo=1, routed)           0.000    12.945    m_ip/p_0_in[15]
    SLICE_X1Y66          FDCE                                         r  m_ip/pixel_out_reg[15]/D
  -------------------------------------------------------------------    -------------------

Slack:                    inf
  Source:                 m1/m2/m0/ram_reg/CLKBWRCLK
                            (rising edge-triggered cell RAMB18E1)
  Destination:            m_ip/pixel_out_reg[9]/D
  Path Group:             (none)
  Path Type:              Max at Slow Process Corner
  Data Path Delay:        12.869ns  (logic 6.468ns (50.260%)  route 6.401ns (49.740%))
  Logic Levels:           12  (CARRY4=6 LUT2=3 LUT3=2 RAMB18E1=1)

    Location             Delay type                Incr(ns)  Path(ns)    Netlist Resource(s)
  -------------------------------------------------------------------    -------------------
    RAMB18_X0Y30         RAMB18E1                     0.000     0.000 r  m1/m2/m0/ram_reg/CLKBWRCLK
    RAMB18_X0Y30         RAMB18E1 (Prop_ramb18e1_CLKBWRCLK_DOBDO[2])
                                                      2.454     2.454 r  m1/m2/m0/ram_reg/DOBDO[2]
                         net (fo=20, routed)          1.902     4.356    m1/m2/m0/DOBDO[2]
    SLICE_X7Y66          LUT2 (Prop_lut2_I1_O)        0.124     4.480 r  m1/m2/m0/y_calc0_carry_i_3/O
                         net (fo=1, routed)           0.000     4.480    m_ip/y_calc_carry_0[0]
    SLICE_X7Y66          CARRY4 (Prop_carry4_S[1]_CO[3])
                                                      0.550     5.030 r  m_ip/y_calc0_carry/CO[3]
                         net (fo=1, routed)           0.000     5.030    m_ip/y_calc0_carry_n_0
    SLICE_X7Y67          CARRY4 (Prop_carry4_CI_O[1])
                                                      0.334     5.364 r  m_ip/y_calc0_carry__0/O[1]
                         net (fo=3, routed)           0.967     6.331    m1/m2/m0/y_calc0__23_carry__0[1]
    SLICE_X7Y69          LUT3 (Prop_lut3_I1_O)        0.303     6.634 r  m1/m2/m0/y_calc0__23_carry__0_i_4/O
                         net (fo=1, routed)           0.473     7.107    m_ip/y_calc_carry__0_0[0]
    SLICE_X6Y68          CARRY4 (Prop_carry4_DI[0]_O[1])
                                                      0.422     7.529 r  m_ip/y_calc0__23_carry__0/O[1]
                         net (fo=2, routed)           0.952     8.481    m_ip/y_calc0[8]
    SLICE_X3Y68          LUT2 (Prop_lut2_I0_O)        0.306     8.787 r  m_ip/y_calc_carry__1_i_4/O
                         net (fo=1, routed)           0.000     8.787    m_ip/y_calc_carry__1_i_4_n_0
    SLICE_X3Y68          CARRY4 (Prop_carry4_S[0]_O[3])
                                                      0.606     9.393 r  m_ip/y_calc_carry__1/O[3]
                         net (fo=1, routed)           0.955    10.347    m_ip/C[11]
    SLICE_X4Y69          LUT2 (Prop_lut2_I1_O)        0.306    10.653 r  m_ip/y_calc__41_carry__1_i_2/O
                         net (fo=1, routed)           0.000    10.653    m_ip/y_calc__41_carry__1_i_2_n_0
    SLICE_X4Y69          CARRY4 (Prop_carry4_S[2]_CO[3])
                                                      0.398    11.051 r  m_ip/y_calc__41_carry__1/CO[3]
                         net (fo=1, routed)           0.000    11.051    m_ip/y_calc__41_carry__1_n_0
    SLICE_X4Y70          CARRY4 (Prop_carry4_CI_O[1])
                                                      0.334    11.385 r  m_ip/y_calc__41_carry__2/O[1]
                         net (fo=3, routed)           1.153    12.538    m_ip/y_calc[14]
    SLICE_X1Y65          LUT3 (Prop_lut3_I0_O)        0.331    12.869 r  m_ip/pixel_out[9]_i_1/O
                         net (fo=1, routed)           0.000    12.869    m_ip/p_0_in[9]
    SLICE_X1Y65          FDCE                                         r  m_ip/pixel_out_reg[9]/D
  -------------------------------------------------------------------    -------------------

Slack:                    inf
  Source:                 m1/m2/m0/ram_reg/CLKBWRCLK
                            (rising edge-triggered cell RAMB18E1)
  Destination:            m_ip/pixel_out_reg[3]/D
  Path Group:             (none)
  Path Type:              Max at Slow Process Corner
  Data Path Delay:        12.841ns  (logic 6.440ns (50.152%)  route 6.401ns (49.848%))
  Logic Levels:           12  (CARRY4=6 LUT2=3 LUT3=2 RAMB18E1=1)

    Location             Delay type                Incr(ns)  Path(ns)    Netlist Resource(s)
  -------------------------------------------------------------------    -------------------
    RAMB18_X0Y30         RAMB18E1                     0.000     0.000 r  m1/m2/m0/ram_reg/CLKBWRCLK
    RAMB18_X0Y30         RAMB18E1 (Prop_ramb18e1_CLKBWRCLK_DOBDO[2])
                                                      2.454     2.454 r  m1/m2/m0/ram_reg/DOBDO[2]
                         net (fo=20, routed)          1.902     4.356    m1/m2/m0/DOBDO[2]
    SLICE_X7Y66          LUT2 (Prop_lut2_I1_O)        0.124     4.480 r  m1/m2/m0/y_calc0_carry_i_3/O
                         net (fo=1, routed)           0.000     4.480    m_ip/y_calc_carry_0[0]
    SLICE_X7Y66          CARRY4 (Prop_carry4_S[1]_CO[3])
                                                      0.550     5.030 r  m_ip/y_calc0_carry/CO[3]
                         net (fo=1, routed)           0.000     5.030    m_ip/y_calc0_carry_n_0
    SLICE_X7Y67          CARRY4 (Prop_carry4_CI_O[1])
                                                      0.334     5.364 r  m_ip/y_calc0_carry__0/O[1]
                         net (fo=3, routed)           0.967     6.331    m1/m2/m0/y_calc0__23_carry__0[1]
    SLICE_X7Y69          LUT3 (Prop_lut3_I1_O)        0.303     6.634 r  m1/m2/m0/y_calc0__23_carry__0_i_4/O
                         net (fo=1, routed)           0.473     7.107    m_ip/y_calc_carry__0_0[0]
    SLICE_X6Y68          CARRY4 (Prop_carry4_DI[0]_O[1])
                                                      0.422     7.529 r  m_ip/y_calc0__23_carry__0/O[1]
                         net (fo=2, routed)           0.952     8.481    m_ip/y_calc0[8]
    SLICE_X3Y68          LUT2 (Prop_lut2_I0_O)        0.306     8.787 r  m_ip/y_calc_carry__1_i_4/O
                         net (fo=1, routed)           0.000     8.787    m_ip/y_calc_carry__1_i_4_n_0
    SLICE_X3Y68          CARRY4 (Prop_carry4_S[0]_O[3])
                                                      0.606     9.393 r  m_ip/y_calc_carry__1/O[3]
                         net (fo=1, routed)           0.955    10.347    m_ip/C[11]
    SLICE_X4Y69          LUT2 (Prop_lut2_I1_O)        0.306    10.653 r  m_ip/y_calc__41_carry__1_i_2/O
                         net (fo=1, routed)           0.000    10.653    m_ip/y_calc__41_carry__1_i_2_n_0
    SLICE_X4Y69          CARRY4 (Prop_carry4_S[2]_CO[3])
                                                      0.398    11.051 r  m_ip/y_calc__41_carry__1/CO[3]
                         net (fo=1, routed)           0.000    11.051    m_ip/y_calc__41_carry__1_n_0
    SLICE_X4Y70          CARRY4 (Prop_carry4_CI_O[1])
                                                      0.334    11.385 r  m_ip/y_calc__41_carry__2/O[1]
                         net (fo=3, routed)           1.153    12.538    m_ip/y_calc[14]
    SLICE_X1Y65          LUT3 (Prop_lut3_I0_O)        0.303    12.841 r  m_ip/pixel_out[3]_i_1/O
                         net (fo=1, routed)           0.000    12.841    m_ip/p_0_in[3]
    SLICE_X1Y65          FDCE                                         r  m_ip/pixel_out_reg[3]/D
  -------------------------------------------------------------------    -------------------

Slack:                    inf
  Source:                 m1/m2/m0/ram_reg/CLKBWRCLK
                            (rising edge-triggered cell RAMB18E1)
  Destination:            m_ip/pixel_out_reg[4]/D
  Path Group:             (none)
  Path Type:              Max at Slow Process Corner
  Data Path Delay:        12.612ns  (logic 6.808ns (53.979%)  route 5.804ns (46.021%))
  Logic Levels:           14  (CARRY4=7 LUT2=3 LUT3=2 LUT4=1 RAMB18E1=1)

    Location             Delay type                Incr(ns)  Path(ns)    Netlist Resource(s)
  -------------------------------------------------------------------    -------------------
    RAMB18_X0Y30         RAMB18E1                     0.000     0.000 r  m1/m2/m0/ram_reg/CLKBWRCLK
    RAMB18_X0Y30         RAMB18E1 (Prop_ramb18e1_CLKBWRCLK_DOBDO[13])
                                                      2.454     2.454 r  m1/m2/m0/ram_reg/DOBDO[13]
                         net (fo=13, routed)          1.726     4.180    m1/m2/m0/DOBDO[13]
    SLICE_X2Y69          LUT2 (Prop_lut2_I1_O)        0.124     4.304 r  m1/m2/m0/y_calc1_carry_i_3/O
                         net (fo=1, routed)           0.000     4.304    m_ip/y_calc_carry_i_3_0[0]
    SLICE_X2Y69          CARRY4 (Prop_carry4_S[1]_CO[3])
                                                      0.533     4.837 r  m_ip/y_calc1_carry/CO[3]
                         net (fo=1, routed)           0.000     4.837    m_ip/y_calc1_carry_n_0
    SLICE_X2Y70          CARRY4 (Prop_carry4_CI_O[3])
                                                      0.315     5.152 r  m_ip/y_calc1_carry__0/O[3]
                         net (fo=2, routed)           0.599     5.752    m1/m2/m0/O[2]
    SLICE_X0Y69          LUT3 (Prop_lut3_I1_O)        0.307     6.059 r  m1/m2/m0/y_calc1__24_carry__0_i_1/O
                         net (fo=2, routed)           0.888     6.947    m1/m2/m0/DI[2]
    SLICE_X1Y69          LUT4 (Prop_lut4_I3_O)        0.124     7.071 r  m1/m2/m0/y_calc1__24_carry__0_i_4/O
                         net (fo=1, routed)           0.000     7.071    m_ip/y_calc_carry__0_i_2_0[3]
    SLICE_X1Y69          CARRY4 (Prop_carry4_S[3]_CO[3])
                                                      0.401     7.472 r  m_ip/y_calc1__24_carry__0/CO[3]
                         net (fo=1, routed)           0.000     7.472    m_ip/y_calc1__24_carry__0_n_0
    SLICE_X1Y70          CARRY4 (Prop_carry4_CI_O[1])
                                                      0.334     7.806 r  m_ip/y_calc1__24_carry__1/O[1]
                         net (fo=1, routed)           0.936     8.742    m1/m2/m0/y_calc_carry__2_0[0]
    SLICE_X3Y68          LUT2 (Prop_lut2_I1_O)        0.303     9.045 r  m1/m2/m0/y_calc_carry__1_i_1/O
                         net (fo=1, routed)           0.000     9.045    m_ip/y_calc__41_carry__0_i_1_0[0]
    SLICE_X3Y68          CARRY4 (Prop_carry4_S[3]_CO[3])
                                                      0.401     9.446 r  m_ip/y_calc_carry__1/CO[3]
                         net (fo=1, routed)           0.000     9.446    m_ip/y_calc_carry__1_n_0
    SLICE_X3Y69          CARRY4 (Prop_carry4_CI_O[1])
                                                      0.334     9.780 r  m_ip/y_calc_carry__2/O[1]
                         net (fo=1, routed)           0.809    10.588    m_ip/C[13]
    SLICE_X4Y70          LUT2 (Prop_lut2_I1_O)        0.303    10.891 r  m_ip/y_calc__41_carry__2_i_3/O
                         net (fo=1, routed)           0.000    10.891    m_ip/y_calc__41_carry__2_i_3_n_0
    SLICE_X4Y70          CARRY4 (Prop_carry4_S[0]_O[2])
                                                      0.547    11.438 r  m_ip/y_calc__41_carry__2/O[2]
                         net (fo=3, routed)           0.846    12.284    m_ip/y_calc[15]
    SLICE_X1Y65          LUT3 (Prop_lut3_I0_O)        0.328    12.612 r  m_ip/pixel_out[4]_i_1/O
                         net (fo=1, routed)           0.000    12.612    m_ip/p_0_in[4]
    SLICE_X1Y65          FDCE                                         r  m_ip/pixel_out_reg[4]/D
  -------------------------------------------------------------------    -------------------

Slack:                    inf
  Source:                 m1/m2/m0/ram_reg/CLKBWRCLK
                            (rising edge-triggered cell RAMB18E1)
  Destination:            m_ip/pixel_out_reg[10]/D
  Path Group:             (none)
  Path Type:              Max at Slow Process Corner
  Data Path Delay:        12.586ns  (logic 6.782ns (53.884%)  route 5.804ns (46.116%))
  Logic Levels:           14  (CARRY4=7 LUT2=3 LUT3=2 LUT4=1 RAMB18E1=1)

    Location             Delay type                Incr(ns)  Path(ns)    Netlist Resource(s)
  -------------------------------------------------------------------    -------------------
    RAMB18_X0Y30         RAMB18E1                     0.000     0.000 r  m1/m2/m0/ram_reg/CLKBWRCLK
    RAMB18_X0Y30         RAMB18E1 (Prop_ramb18e1_CLKBWRCLK_DOBDO[13])
                                                      2.454     2.454 r  m1/m2/m0/ram_reg/DOBDO[13]
                         net (fo=13, routed)          1.726     4.180    m1/m2/m0/DOBDO[13]
    SLICE_X2Y69          LUT2 (Prop_lut2_I1_O)        0.124     4.304 r  m1/m2/m0/y_calc1_carry_i_3/O
                         net (fo=1, routed)           0.000     4.304    m_ip/y_calc_carry_i_3_0[0]
    SLICE_X2Y69          CARRY4 (Prop_carry4_S[1]_CO[3])
                                                      0.533     4.837 r  m_ip/y_calc1_carry/CO[3]
                         net (fo=1, routed)           0.000     4.837    m_ip/y_calc1_carry_n_0
    SLICE_X2Y70          CARRY4 (Prop_carry4_CI_O[3])
                                                      0.315     5.152 r  m_ip/y_calc1_carry__0/O[3]
                         net (fo=2, routed)           0.599     5.752    m1/m2/m0/O[2]
    SLICE_X0Y69          LUT3 (Prop_lut3_I1_O)        0.307     6.059 r  m1/m2/m0/y_calc1__24_carry__0_i_1/O
                         net (fo=2, routed)           0.888     6.947    m1/m2/m0/DI[2]
    SLICE_X1Y69          LUT4 (Prop_lut4_I3_O)        0.124     7.071 r  m1/m2/m0/y_calc1__24_carry__0_i_4/O
                         net (fo=1, routed)           0.000     7.071    m_ip/y_calc_carry__0_i_2_0[3]
    SLICE_X1Y69          CARRY4 (Prop_carry4_S[3]_CO[3])
                                                      0.401     7.472 r  m_ip/y_calc1__24_carry__0/CO[3]
                         net (fo=1, routed)           0.000     7.472    m_ip/y_calc1__24_carry__0_n_0
    SLICE_X1Y70          CARRY4 (Prop_carry4_CI_O[1])
                                                      0.334     7.806 r  m_ip/y_calc1__24_carry__1/O[1]
                         net (fo=1, routed)           0.936     8.742    m1/m2/m0/y_calc_carry__2_0[0]
    SLICE_X3Y68          LUT2 (Prop_lut2_I1_O)        0.303     9.045 r  m1/m2/m0/y_calc_carry__1_i_1/O
                         net (fo=1, routed)           0.000     9.045    m_ip/y_calc__41_carry__0_i_1_0[0]
    SLICE_X3Y68          CARRY4 (Prop_carry4_S[3]_CO[3])
                                                      0.401     9.446 r  m_ip/y_calc_carry__1/CO[3]
                         net (fo=1, routed)           0.000     9.446    m_ip/y_calc_carry__1_n_0
    SLICE_X3Y69          CARRY4 (Prop_carry4_CI_O[1])
                                                      0.334     9.780 r  m_ip/y_calc_carry__2/O[1]
                         net (fo=1, routed)           0.809    10.588    m_ip/C[13]
    SLICE_X4Y70          LUT2 (Prop_lut2_I1_O)        0.303    10.891 r  m_ip/y_calc__41_carry__2_i_3/O
                         net (fo=1, routed)           0.000    10.891    m_ip/y_calc__41_carry__2_i_3_n_0
    SLICE_X4Y70          CARRY4 (Prop_carry4_S[0]_O[2])
                                                      0.547    11.438 r  m_ip/y_calc__41_carry__2/O[2]
                         net (fo=3, routed)           0.846    12.284    m_ip/y_calc[15]
    SLICE_X1Y65          LUT3 (Prop_lut3_I0_O)        0.302    12.586 r  m_ip/pixel_out[10]_i_1/O
                         net (fo=1, routed)           0.000    12.586    m_ip/p_0_in[10]
    SLICE_X1Y65          FDCE                                         r  m_ip/pixel_out_reg[10]/D
  -------------------------------------------------------------------    -------------------

Slack:                    inf
  Source:                 m1/m2/m0/ram_reg/CLKBWRCLK
                            (rising edge-triggered cell RAMB18E1)
  Destination:            m_ip/pixel_out_reg[14]/D
  Path Group:             (none)
  Path Type:              Max at Slow Process Corner
  Data Path Delay:        12.476ns  (logic 6.440ns (51.619%)  route 6.036ns (48.381%))
  Logic Levels:           12  (CARRY4=6 LUT2=3 LUT3=2 RAMB18E1=1)

    Location             Delay type                Incr(ns)  Path(ns)    Netlist Resource(s)
  -------------------------------------------------------------------    -------------------
    RAMB18_X0Y30         RAMB18E1                     0.000     0.000 r  m1/m2/m0/ram_reg/CLKBWRCLK
    RAMB18_X0Y30         RAMB18E1 (Prop_ramb18e1_CLKBWRCLK_DOBDO[2])
                                                      2.454     2.454 r  m1/m2/m0/ram_reg/DOBDO[2]
                         net (fo=20, routed)          1.902     4.356    m1/m2/m0/DOBDO[2]
    SLICE_X7Y66          LUT2 (Prop_lut2_I1_O)        0.124     4.480 r  m1/m2/m0/y_calc0_carry_i_3/O
                         net (fo=1, routed)           0.000     4.480    m_ip/y_calc_carry_0[0]
    SLICE_X7Y66          CARRY4 (Prop_carry4_S[1]_CO[3])
                                                      0.550     5.030 r  m_ip/y_calc0_carry/CO[3]
                         net (fo=1, routed)           0.000     5.030    m_ip/y_calc0_carry_n_0
    SLICE_X7Y67          CARRY4 (Prop_carry4_CI_O[1])
                                                      0.334     5.364 r  m_ip/y_calc0_carry__0/O[1]
                         net (fo=3, routed)           0.967     6.331    m1/m2/m0/y_calc0__23_carry__0[1]
    SLICE_X7Y69          LUT3 (Prop_lut3_I1_O)        0.303     6.634 r  m1/m2/m0/y_calc0__23_carry__0_i_4/O
                         net (fo=1, routed)           0.473     7.107    m_ip/y_calc_carry__0_0[0]
    SLICE_X6Y68          CARRY4 (Prop_carry4_DI[0]_O[1])
                                                      0.422     7.529 r  m_ip/y_calc0__23_carry__0/O[1]
                         net (fo=2, routed)           0.952     8.481    m_ip/y_calc0[8]
    SLICE_X3Y68          LUT2 (Prop_lut2_I0_O)        0.306     8.787 r  m_ip/y_calc_carry__1_i_4/O
                         net (fo=1, routed)           0.000     8.787    m_ip/y_calc_carry__1_i_4_n_0
    SLICE_X3Y68          CARRY4 (Prop_carry4_S[0]_O[3])
                                                      0.606     9.393 r  m_ip/y_calc_carry__1/O[3]
                         net (fo=1, routed)           0.955    10.347    m_ip/C[11]
    SLICE_X4Y69          LUT2 (Prop_lut2_I1_O)        0.306    10.653 r  m_ip/y_calc__41_carry__1_i_2/O
                         net (fo=1, routed)           0.000    10.653    m_ip/y_calc__41_carry__1_i_2_n_0
    SLICE_X4Y69          CARRY4 (Prop_carry4_S[2]_CO[3])
                                                      0.398    11.051 r  m_ip/y_calc__41_carry__1/CO[3]
                         net (fo=1, routed)           0.000    11.051    m_ip/y_calc__41_carry__1_n_0
    SLICE_X4Y70          CARRY4 (Prop_carry4_CI_O[1])
                                                      0.334    11.385 r  m_ip/y_calc__41_carry__2/O[1]
                         net (fo=3, routed)           0.788    12.173    m_ip/y_calc[14]
    SLICE_X1Y66          LUT3 (Prop_lut3_I0_O)        0.303    12.476 r  m_ip/pixel_out[14]_i_1/O
                         net (fo=1, routed)           0.000    12.476    m_ip/p_0_in[14]
    SLICE_X1Y66          FDCE                                         r  m_ip/pixel_out_reg[14]/D
  -------------------------------------------------------------------    -------------------

Slack:                    inf
  Source:                 m1/m2/m0/ram_reg/CLKBWRCLK
                            (rising edge-triggered cell RAMB18E1)
  Destination:            m_ip/pixel_out_reg[13]/D
  Path Group:             (none)
  Path Type:              Max at Slow Process Corner
  Data Path Delay:        12.450ns  (logic 6.350ns (51.002%)  route 6.100ns (48.998%))
  Logic Levels:           12  (CARRY4=6 LUT2=3 LUT3=2 RAMB18E1=1)

    Location             Delay type                Incr(ns)  Path(ns)    Netlist Resource(s)
  -------------------------------------------------------------------    -------------------
    RAMB18_X0Y30         RAMB18E1                     0.000     0.000 r  m1/m2/m0/ram_reg/CLKBWRCLK
    RAMB18_X0Y30         RAMB18E1 (Prop_ramb18e1_CLKBWRCLK_DOBDO[2])
                                                      2.454     2.454 r  m1/m2/m0/ram_reg/DOBDO[2]
                         net (fo=20, routed)          1.902     4.356    m1/m2/m0/DOBDO[2]
    SLICE_X7Y66          LUT2 (Prop_lut2_I1_O)        0.124     4.480 r  m1/m2/m0/y_calc0_carry_i_3/O
                         net (fo=1, routed)           0.000     4.480    m_ip/y_calc_carry_0[0]
    SLICE_X7Y66          CARRY4 (Prop_carry4_S[1]_CO[3])
                                                      0.550     5.030 r  m_ip/y_calc0_carry/CO[3]
                         net (fo=1, routed)           0.000     5.030    m_ip/y_calc0_carry_n_0
    SLICE_X7Y67          CARRY4 (Prop_carry4_CI_O[1])
                                                      0.334     5.364 r  m_ip/y_calc0_carry__0/O[1]
                         net (fo=3, routed)           0.967     6.331    m1/m2/m0/y_calc0__23_carry__0[1]
    SLICE_X7Y69          LUT3 (Prop_lut3_I1_O)        0.303     6.634 r  m1/m2/m0/y_calc0__23_carry__0_i_4/O
                         net (fo=1, routed)           0.473     7.107    m_ip/y_calc_carry__0_0[0]
    SLICE_X6Y68          CARRY4 (Prop_carry4_DI[0]_O[1])
                                                      0.422     7.529 r  m_ip/y_calc0__23_carry__0/O[1]
                         net (fo=2, routed)           0.952     8.481    m_ip/y_calc0[8]
    SLICE_X3Y68          LUT2 (Prop_lut2_I0_O)        0.306     8.787 r  m_ip/y_calc_carry__1_i_4/O
                         net (fo=1, routed)           0.000     8.787    m_ip/y_calc_carry__1_i_4_n_0
    SLICE_X3Y68          CARRY4 (Prop_carry4_S[0]_O[3])
                                                      0.606     9.393 r  m_ip/y_calc_carry__1/O[3]
                         net (fo=1, routed)           0.955    10.347    m_ip/C[11]
    SLICE_X4Y69          LUT2 (Prop_lut2_I1_O)        0.306    10.653 r  m_ip/y_calc__41_carry__1_i_2/O
                         net (fo=1, routed)           0.000    10.653    m_ip/y_calc__41_carry__1_i_2_n_0
    SLICE_X4Y69          CARRY4 (Prop_carry4_S[2]_CO[3])
                                                      0.398    11.051 r  m_ip/y_calc__41_carry__1/CO[3]
                         net (fo=1, routed)           0.000    11.051    m_ip/y_calc__41_carry__1_n_0
    SLICE_X4Y70          CARRY4 (Prop_carry4_CI_O[0])
                                                      0.222    11.273 r  m_ip/y_calc__41_carry__2/O[0]
                         net (fo=3, routed)           0.852    12.125    m_ip/y_calc[13]
    SLICE_X1Y66          LUT3 (Prop_lut3_I0_O)        0.325    12.450 r  m_ip/pixel_out[13]_i_1/O
                         net (fo=1, routed)           0.000    12.450    m_ip/p_0_in[13]
    SLICE_X1Y66          FDCE                                         r  m_ip/pixel_out_reg[13]/D
  -------------------------------------------------------------------    -------------------

Slack:                    inf
  Source:                 m1/m2/m0/ram_reg/CLKBWRCLK
                            (rising edge-triggered cell RAMB18E1)
  Destination:            m_ip/pixel_out_reg[2]/D
  Path Group:             (none)
  Path Type:              Max at Slow Process Corner
  Data Path Delay:        12.207ns  (logic 6.324ns (51.806%)  route 5.883ns (48.194%))
  Logic Levels:           12  (CARRY4=6 LUT2=3 LUT3=2 RAMB18E1=1)

    Location             Delay type                Incr(ns)  Path(ns)    Netlist Resource(s)
  -------------------------------------------------------------------    -------------------
    RAMB18_X0Y30         RAMB18E1                     0.000     0.000 r  m1/m2/m0/ram_reg/CLKBWRCLK
    RAMB18_X0Y30         RAMB18E1 (Prop_ramb18e1_CLKBWRCLK_DOBDO[2])
                                                      2.454     2.454 r  m1/m2/m0/ram_reg/DOBDO[2]
                         net (fo=20, routed)          1.902     4.356    m1/m2/m0/DOBDO[2]
    SLICE_X7Y66          LUT2 (Prop_lut2_I1_O)        0.124     4.480 r  m1/m2/m0/y_calc0_carry_i_3/O
                         net (fo=1, routed)           0.000     4.480    m_ip/y_calc_carry_0[0]
    SLICE_X7Y66          CARRY4 (Prop_carry4_S[1]_CO[3])
                                                      0.550     5.030 r  m_ip/y_calc0_carry/CO[3]
                         net (fo=1, routed)           0.000     5.030    m_ip/y_calc0_carry_n_0
    SLICE_X7Y67          CARRY4 (Prop_carry4_CI_O[1])
                                                      0.334     5.364 r  m_ip/y_calc0_carry__0/O[1]
                         net (fo=3, routed)           0.967     6.331    m1/m2/m0/y_calc0__23_carry__0[1]
    SLICE_X7Y69          LUT3 (Prop_lut3_I1_O)        0.303     6.634 r  m1/m2/m0/y_calc0__23_carry__0_i_4/O
                         net (fo=1, routed)           0.473     7.107    m_ip/y_calc_carry__0_0[0]
    SLICE_X6Y68          CARRY4 (Prop_carry4_DI[0]_O[1])
                                                      0.422     7.529 r  m_ip/y_calc0__23_carry__0/O[1]
                         net (fo=2, routed)           0.952     8.481    m_ip/y_calc0[8]
    SLICE_X3Y68          LUT2 (Prop_lut2_I0_O)        0.306     8.787 r  m_ip/y_calc_carry__1_i_4/O
                         net (fo=1, routed)           0.000     8.787    m_ip/y_calc_carry__1_i_4_n_0
    SLICE_X3Y68          CARRY4 (Prop_carry4_S[0]_O[3])
                                                      0.606     9.393 r  m_ip/y_calc_carry__1/O[3]
                         net (fo=1, routed)           0.955    10.347    m_ip/C[11]
    SLICE_X4Y69          LUT2 (Prop_lut2_I1_O)        0.306    10.653 r  m_ip/y_calc__41_carry__1_i_2/O
                         net (fo=1, routed)           0.000    10.653    m_ip/y_calc__41_carry__1_i_2_n_0
    SLICE_X4Y69          CARRY4 (Prop_carry4_S[2]_CO[3])
                                                      0.398    11.051 r  m_ip/y_calc__41_carry__1/CO[3]
                         net (fo=1, routed)           0.000    11.051    m_ip/y_calc__41_carry__1_n_0
    SLICE_X4Y70          CARRY4 (Prop_carry4_CI_O[0])
                                                      0.222    11.273 r  m_ip/y_calc__41_carry__2/O[0]
                         net (fo=3, routed)           0.635    11.908    m_ip/y_calc[13]
    SLICE_X0Y66          LUT3 (Prop_lut3_I0_O)        0.299    12.207 r  m_ip/pixel_out[2]_i_1/O
                         net (fo=1, routed)           0.000    12.207    m_ip/p_0_in[2]
    SLICE_X0Y66          FDCE                                         r  m_ip/pixel_out_reg[2]/D
  -------------------------------------------------------------------    -------------------

Slack:                    inf
  Source:                 m1/m2/m0/ram_reg/CLKBWRCLK
                            (rising edge-triggered cell RAMB18E1)
  Destination:            m_ip/pixel_out_reg[8]/D
  Path Group:             (none)
  Path Type:              Max at Slow Process Corner
  Data Path Delay:        12.201ns  (logic 6.318ns (51.782%)  route 5.883ns (48.218%))
  Logic Levels:           12  (CARRY4=6 LUT2=3 LUT3=2 RAMB18E1=1)

    Location             Delay type                Incr(ns)  Path(ns)    Netlist Resource(s)
  -------------------------------------------------------------------    -------------------
    RAMB18_X0Y30         RAMB18E1                     0.000     0.000 r  m1/m2/m0/ram_reg/CLKBWRCLK
    RAMB18_X0Y30         RAMB18E1 (Prop_ramb18e1_CLKBWRCLK_DOBDO[2])
                                                      2.454     2.454 r  m1/m2/m0/ram_reg/DOBDO[2]
                         net (fo=20, routed)          1.902     4.356    m1/m2/m0/DOBDO[2]
    SLICE_X7Y66          LUT2 (Prop_lut2_I1_O)        0.124     4.480 r  m1/m2/m0/y_calc0_carry_i_3/O
                         net (fo=1, routed)           0.000     4.480    m_ip/y_calc_carry_0[0]
    SLICE_X7Y66          CARRY4 (Prop_carry4_S[1]_CO[3])
                                                      0.550     5.030 r  m_ip/y_calc0_carry/CO[3]
                         net (fo=1, routed)           0.000     5.030    m_ip/y_calc0_carry_n_0
    SLICE_X7Y67          CARRY4 (Prop_carry4_CI_O[1])
                                                      0.334     5.364 r  m_ip/y_calc0_carry__0/O[1]
                         net (fo=3, routed)           0.967     6.331    m1/m2/m0/y_calc0__23_carry__0[1]
    SLICE_X7Y69          LUT3 (Prop_lut3_I1_O)        0.303     6.634 r  m1/m2/m0/y_calc0__23_carry__0_i_4/O
                         net (fo=1, routed)           0.473     7.107    m_ip/y_calc_carry__0_0[0]
    SLICE_X6Y68          CARRY4 (Prop_carry4_DI[0]_O[1])
                                                      0.422     7.529 r  m_ip/y_calc0__23_carry__0/O[1]
                         net (fo=2, routed)           0.952     8.481    m_ip/y_calc0[8]
    SLICE_X3Y68          LUT2 (Prop_lut2_I0_O)        0.306     8.787 r  m_ip/y_calc_carry__1_i_4/O
                         net (fo=1, routed)           0.000     8.787    m_ip/y_calc_carry__1_i_4_n_0
    SLICE_X3Y68          CARRY4 (Prop_carry4_S[0]_O[3])
                                                      0.606     9.393 r  m_ip/y_calc_carry__1/O[3]
                         net (fo=1, routed)           0.955    10.347    m_ip/C[11]
    SLICE_X4Y69          LUT2 (Prop_lut2_I1_O)        0.306    10.653 r  m_ip/y_calc__41_carry__1_i_2/O
                         net (fo=1, routed)           0.000    10.653    m_ip/y_calc__41_carry__1_i_2_n_0
    SLICE_X4Y69          CARRY4 (Prop_carry4_S[2]_CO[3])
                                                      0.398    11.051 r  m_ip/y_calc__41_carry__1/CO[3]
                         net (fo=1, routed)           0.000    11.051    m_ip/y_calc__41_carry__1_n_0
    SLICE_X4Y70          CARRY4 (Prop_carry4_CI_O[0])
                                                      0.222    11.273 r  m_ip/y_calc__41_carry__2/O[0]
                         net (fo=3, routed)           0.635    11.908    m_ip/y_calc[13]
    SLICE_X0Y66          LUT3 (Prop_lut3_I0_O)        0.293    12.201 r  m_ip/pixel_out[8]_i_1/O
                         net (fo=1, routed)           0.000    12.201    m_ip/p_0_in[8]
    SLICE_X0Y66          FDCE                                         r  m_ip/pixel_out_reg[8]/D
  -------------------------------------------------------------------    -------------------

Slack:                    inf
  Source:                 m1/m2/m0/ram_reg/CLKBWRCLK
                            (rising edge-triggered cell RAMB18E1)
  Destination:            m_ip/pixel_out_reg[1]/D
  Path Group:             (none)
  Path Type:              Max at Slow Process Corner
  Data Path Delay:        12.112ns  (logic 6.063ns (50.058%)  route 6.049ns (49.942%))
  Logic Levels:           11  (CARRY4=5 LUT2=3 LUT3=2 RAMB18E1=1)

    Location             Delay type                Incr(ns)  Path(ns)    Netlist Resource(s)
  -------------------------------------------------------------------    -------------------
    RAMB18_X0Y30         RAMB18E1                     0.000     0.000 r  m1/m2/m0/ram_reg/CLKBWRCLK
    RAMB18_X0Y30         RAMB18E1 (Prop_ramb18e1_CLKBWRCLK_DOBDO[2])
                                                      2.454     2.454 r  m1/m2/m0/ram_reg/DOBDO[2]
                         net (fo=20, routed)          1.902     4.356    m1/m2/m0/DOBDO[2]
    SLICE_X7Y66          LUT2 (Prop_lut2_I1_O)        0.124     4.480 r  m1/m2/m0/y_calc0_carry_i_3/O
                         net (fo=1, routed)           0.000     4.480    m_ip/y_calc_carry_0[0]
    SLICE_X7Y66          CARRY4 (Prop_carry4_S[1]_CO[3])
                                                      0.550     5.030 r  m_ip/y_calc0_carry/CO[3]
                         net (fo=1, routed)           0.000     5.030    m_ip/y_calc0_carry_n_0
    SLICE_X7Y67          CARRY4 (Prop_carry4_CI_O[1])
                                                      0.334     5.364 r  m_ip/y_calc0_carry__0/O[1]
                         net (fo=3, routed)           0.967     6.331    m1/m2/m0/y_calc0__23_carry__0[1]
    SLICE_X7Y69          LUT3 (Prop_lut3_I1_O)        0.303     6.634 r  m1/m2/m0/y_calc0__23_carry__0_i_4/O
                         net (fo=1, routed)           0.473     7.107    m_ip/y_calc_carry__0_0[0]
    SLICE_X6Y68          CARRY4 (Prop_carry4_DI[0]_O[1])
                                                      0.422     7.529 r  m_ip/y_calc0__23_carry__0/O[1]
                         net (fo=2, routed)           0.952     8.481    m_ip/y_calc0[8]
    SLICE_X3Y68          LUT2 (Prop_lut2_I0_O)        0.306     8.787 r  m_ip/y_calc_carry__1_i_4/O
                         net (fo=1, routed)           0.000     8.787    m_ip/y_calc_carry__1_i_4_n_0
    SLICE_X3Y68          CARRY4 (Prop_carry4_S[0]_O[3])
                                                      0.606     9.393 r  m_ip/y_calc_carry__1/O[3]
                         net (fo=1, routed)           0.955    10.347    m_ip/C[11]
    SLICE_X4Y69          LUT2 (Prop_lut2_I1_O)        0.306    10.653 r  m_ip/y_calc__41_carry__1_i_2/O
                         net (fo=1, routed)           0.000    10.653    m_ip/y_calc__41_carry__1_i_2_n_0
    SLICE_X4Y69          CARRY4 (Prop_carry4_S[2]_O[3])
                                                      0.352    11.005 r  m_ip/y_calc__41_carry__1/O[3]
                         net (fo=3, routed)           0.801    11.806    m_ip/y_calc[12]
    SLICE_X1Y66          LUT3 (Prop_lut3_I0_O)        0.306    12.112 r  m_ip/pixel_out[1]_i_1/O
                         net (fo=1, routed)           0.000    12.112    m_ip/p_0_in[1]
    SLICE_X1Y66          FDCE                                         r  m_ip/pixel_out_reg[1]/D
  -------------------------------------------------------------------    -------------------





Min Delay Paths
--------------------------------------------------------------------------------------
Slack:                    inf
  Source:                 clk
                            (input port)
  Destination:            m2/m1/dcm_sp_inst/CLKFBIN
  Path Group:             (none)
  Path Type:              Min at Slow Process Corner
  Data Path Delay:        -1.478ns  (logic -5.683ns (384.432%)  route 4.204ns (-284.432%))
  Logic Levels:           3  (BUFG=1 IBUF=1 MMCME2_ADV=1)

    Location             Delay type                Incr(ns)  Path(ns)    Netlist Resource(s)
  -------------------------------------------------------------------    -------------------
    N11                                               0.000     0.000 r  clk (IN)
                         net (fo=0)                   0.000     0.000    clk
    N11                  IBUF (Prop_ibuf_I_O)         1.448     1.448 r  clk_IBUF_inst/O
                         net (fo=3, routed)           1.162     2.610    m2/m1/clk
    MMCME2_ADV_X0Y0      MMCME2_ADV (Prop_mmcme2_adv_CLKIN1_CLKFBOUT)
                                                     -7.221    -4.612 r  m2/m1/dcm_sp_inst/CLKFBOUT
                         net (fo=1, routed)           1.587    -3.025    m2/m1/clk0
    BUFGCTRL_X0Y1        BUFG (Prop_bufg_I_O)         0.091    -2.934 r  m2/m1/clkf_buf/O
                         net (fo=1, routed)           1.455    -1.478    m2/m1/clkfb
    MMCME2_ADV_X0Y0      MMCME2_ADV                                   r  m2/m1/dcm_sp_inst/CLKFBIN
  -------------------------------------------------------------------    -------------------

Slack:                    inf
  Source:                 clk
                            (input port)
  Destination:            m0/m1/dcm_sp_inst/CLKFBIN
  Path Group:             (none)
  Path Type:              Min at Slow Process Corner
  Data Path Delay:        -1.379ns  (logic -5.669ns (411.034%)  route 4.290ns (-311.034%))
  Logic Levels:           3  (BUFG=1 IBUF=1 MMCME2_ADV=1)

    Location             Delay type                Incr(ns)  Path(ns)    Netlist Resource(s)
  -------------------------------------------------------------------    -------------------
    N11                                               0.000     0.000 r  clk (IN)
                         net (fo=0)                   0.000     0.000    clk
    N11                  IBUF (Prop_ibuf_I_O)         1.448     1.448 r  clk_IBUF_inst/O
                         net (fo=3, routed)           1.261     2.709    m0/m1/clk
    MMCME2_ADV_X0Y1      MMCME2_ADV (Prop_mmcme2_adv_CLKIN1_CLKFBOUT)
                                                     -7.208    -4.499 r  m0/m1/dcm_sp_inst/CLKFBOUT
                         net (fo=1, routed)           1.587    -2.912    m0/m1/clk0
    BUFGCTRL_X0Y18       BUFG (Prop_bufg_I_O)         0.091    -2.821 r  m0/m1/clkf_buf/O
                         net (fo=1, routed)           1.442    -1.379    m0/m1/clkfb
    MMCME2_ADV_X0Y1      MMCME2_ADV                                   r  m0/m1/dcm_sp_inst/CLKFBIN
  -------------------------------------------------------------------    -------------------

Slack:                    inf
  Source:                 clk
                            (input port)
  Destination:            m3/dcm_sp_inst/CLKFBIN
  Path Group:             (none)
  Path Type:              Min at Slow Process Corner
  Data Path Delay:        -0.981ns  (logic -5.985ns (610.021%)  route 5.004ns (-510.021%))
  Logic Levels:           3  (BUFG=1 IBUF=1 MMCME2_ADV=1)

    Location             Delay type                Incr(ns)  Path(ns)    Netlist Resource(s)
  -------------------------------------------------------------------    -------------------
    N11                                               0.000     0.000 r  clk (IN)
                         net (fo=0)                   0.000     0.000    clk
    N11                  IBUF (Prop_ibuf_I_O)         1.448     1.448 r  clk_IBUF_inst/O
                         net (fo=3, routed)           1.512     2.960    m3/clk
    MMCME2_ADV_X0Y2      MMCME2_ADV (Prop_mmcme2_adv_CLKIN1_CLKFBOUT)
                                                     -7.524    -4.564 r  m3/dcm_sp_inst/CLKFBOUT
                         net (fo=1, routed)           1.874    -2.690    m3/clk0
    BUFGCTRL_X0Y19       BUFG (Prop_bufg_I_O)         0.091    -2.599 r  m3/clkf_buf/O
                         net (fo=1, routed)           1.618    -0.981    m3/clkfb
    MMCME2_ADV_X0Y2      MMCME2_ADV                                   r  m3/dcm_sp_inst/CLKFBIN
  -------------------------------------------------------------------    -------------------

Slack:                    inf
  Source:                 m0/m2/w_grey_sync_temp_reg[1]/C
                            (rising edge-triggered cell FDRE)
  Destination:            m0/m2/w_grey_sync_reg[1]/D
  Path Group:             (none)
  Path Type:              Min at Fast Process Corner
  Data Path Delay:        0.220ns  (logic 0.164ns (74.580%)  route 0.056ns (25.420%))
  Logic Levels:           1  (FDRE=1)

    Location             Delay type                Incr(ns)  Path(ns)    Netlist Resource(s)
  -------------------------------------------------------------------    -------------------
    SLICE_X8Y84          FDRE                         0.000     0.000 r  m0/m2/w_grey_sync_temp_reg[1]/C
    SLICE_X8Y84          FDRE (Prop_fdre_C_Q)         0.164     0.164 r  m0/m2/w_grey_sync_temp_reg[1]/Q
                         net (fo=1, routed)           0.056     0.220    m0/m2/w_grey_sync_temp[1]
    SLICE_X8Y84          FDRE                                         r  m0/m2/w_grey_sync_reg[1]/D
  -------------------------------------------------------------------    -------------------

Slack:                    inf
  Source:                 m1/m2/w_grey_sync_temp_reg[7]/C
                            (rising edge-triggered cell FDRE)
  Destination:            m1/m2/w_grey_sync_reg[7]/D
  Path Group:             (none)
  Path Type:              Min at Fast Process Corner
  Data Path Delay:        0.241ns  (logic 0.128ns (53.168%)  route 0.113ns (46.832%))
  Logic Levels:           1  (FDRE=1)

    Location             Delay type                Incr(ns)  Path(ns)    Netlist Resource(s)
  -------------------------------------------------------------------    -------------------
    SLICE_X3Y74          FDRE                         0.000     0.000 r  m1/m2/w_grey_sync_temp_reg[7]/C
    SLICE_X3Y74          FDRE (Prop_fdre_C_Q)         0.128     0.128 r  m1/m2/w_grey_sync_temp_reg[7]/Q
                         net (fo=1, routed)           0.113     0.241    m1/m2/w_grey_sync_temp[7]
    SLICE_X3Y74          FDRE                                         r  m1/m2/w_grey_sync_reg[7]/D
  -------------------------------------------------------------------    -------------------

Slack:                    inf
  Source:                 m0/m2/w_grey_sync_temp_reg[5]/C
                            (rising edge-triggered cell FDRE)
  Destination:            m0/m2/w_grey_sync_reg[5]/D
  Path Group:             (none)
  Path Type:              Min at Fast Process Corner
  Data Path Delay:        0.247ns  (logic 0.128ns (51.778%)  route 0.119ns (48.222%))
  Logic Levels:           1  (FDRE=1)

    Location             Delay type                Incr(ns)  Path(ns)    Netlist Resource(s)
  -------------------------------------------------------------------    -------------------
    SLICE_X5Y84          FDRE                         0.000     0.000 r  m0/m2/w_grey_sync_temp_reg[5]/C
    SLICE_X5Y84          FDRE (Prop_fdre_C_Q)         0.128     0.128 r  m0/m2/w_grey_sync_temp_reg[5]/Q
                         net (fo=1, routed)           0.119     0.247    m0/m2/w_grey_sync_temp[5]
    SLICE_X5Y84          FDRE                                         r  m0/m2/w_grey_sync_reg[5]/D
  -------------------------------------------------------------------    -------------------

Slack:                    inf
  Source:                 m0/m2/r_grey_sync_temp_reg[9]/C
                            (rising edge-triggered cell FDRE)
  Destination:            m0/m2/r_grey_sync_reg[9]/D
  Path Group:             (none)
  Path Type:              Min at Fast Process Corner
  Data Path Delay:        0.247ns  (logic 0.128ns (51.736%)  route 0.119ns (48.264%))
  Logic Levels:           1  (FDRE=1)

    Location             Delay type                Incr(ns)  Path(ns)    Netlist Resource(s)
  -------------------------------------------------------------------    -------------------
    SLICE_X3Y83          FDRE                         0.000     0.000 r  m0/m2/r_grey_sync_temp_reg[9]/C
    SLICE_X3Y83          FDRE (Prop_fdre_C_Q)         0.128     0.128 r  m0/m2/r_grey_sync_temp_reg[9]/Q
                         net (fo=1, routed)           0.119     0.247    m0/m2/r_grey_sync_temp[9]
    SLICE_X3Y83          FDRE                                         r  m0/m2/r_grey_sync_reg[9]/D
  -------------------------------------------------------------------    -------------------

Slack:                    inf
  Source:                 m0/m2/w_grey_sync_temp_reg[9]/C
                            (rising edge-triggered cell FDRE)
  Destination:            m0/m2/w_grey_sync_reg[9]/D
  Path Group:             (none)
  Path Type:              Min at Fast Process Corner
  Data Path Delay:        0.248ns  (logic 0.128ns (51.710%)  route 0.120ns (48.290%))
  Logic Levels:           1  (FDRE=1)

    Location             Delay type                Incr(ns)  Path(ns)    Netlist Resource(s)
  -------------------------------------------------------------------    -------------------
    SLICE_X3Y82          FDRE                         0.000     0.000 r  m0/m2/w_grey_sync_temp_reg[9]/C
    SLICE_X3Y82          FDRE (Prop_fdre_C_Q)         0.128     0.128 r  m0/m2/w_grey_sync_temp_reg[9]/Q
                         net (fo=1, routed)           0.120     0.248    m0/m2/w_grey_sync_temp[9]
    SLICE_X3Y82          FDRE                                         r  m0/m2/w_grey_sync_reg[9]/D
  -------------------------------------------------------------------    -------------------

Slack:                    inf
  Source:                 m1/m2/r_grey_sync_temp_reg[9]/C
                            (rising edge-triggered cell FDRE)
  Destination:            m1/m2/r_grey_sync_reg[9]/D
  Path Group:             (none)
  Path Type:              Min at Fast Process Corner
  Data Path Delay:        0.248ns  (logic 0.128ns (51.710%)  route 0.120ns (48.290%))
  Logic Levels:           1  (FDRE=1)

    Location             Delay type                Incr(ns)  Path(ns)    Netlist Resource(s)
  -------------------------------------------------------------------    -------------------
    SLICE_X3Y73          FDRE                         0.000     0.000 r  m1/m2/r_grey_sync_temp_reg[9]/C
    SLICE_X3Y73          FDRE (Prop_fdre_C_Q)         0.128     0.128 r  m1/m2/r_grey_sync_temp_reg[9]/Q
                         net (fo=1, routed)           0.120     0.248    m1/m2/r_grey_sync_temp[9]
    SLICE_X3Y73          FDRE                                         r  m1/m2/r_grey_sync_reg[9]/D
  -------------------------------------------------------------------    -------------------

Slack:                    inf
  Source:                 m0/m2/r_grey_sync_temp_reg[3]/C
                            (rising edge-triggered cell FDRE)
  Destination:            m0/m2/r_grey_sync_reg[3]/D
  Path Group:             (none)
  Path Type:              Min at Fast Process Corner
  Data Path Delay:        0.251ns  (logic 0.141ns (56.090%)  route 0.110ns (43.910%))
  Logic Levels:           1  (FDRE=1)

    Location             Delay type                Incr(ns)  Path(ns)    Netlist Resource(s)
  -------------------------------------------------------------------    -------------------
    SLICE_X5Y79          FDRE                         0.000     0.000 r  m0/m2/r_grey_sync_temp_reg[3]/C
    SLICE_X5Y79          FDRE (Prop_fdre_C_Q)         0.141     0.141 r  m0/m2/r_grey_sync_temp_reg[3]/Q
                         net (fo=1, routed)           0.110     0.251    m0/m2/r_grey_sync_temp[3]
    SLICE_X5Y79          FDRE                                         r  m0/m2/r_grey_sync_reg[3]/D
  -------------------------------------------------------------------    -------------------





