Copyright 1986-2022 Xilinx, Inc. All Rights Reserved. Copyright 2022-2024 Advanced Micro Devices, Inc. All Rights Reserved.
----------------------------------------------------------------------------------------------------------------------------------------------------
| Tool Version     : Vivado v.2024.2 (win64) Build 5239630 Fri Nov 08 22:35:27 MST 2024
| Date             : Mon Mar  9 16:58:35 2026
| Host             : Stoic running 64-bit major release  (build 9200)
| Command          : report_power -file top_module_power_routed.rpt -pb top_module_power_summary_routed.pb -rpx top_module_power_routed.rpx
| Design           : top_module
| Device           : xc7a35tftg256-1
| Design State     : routed
| Grade            : commercial
| Process          : typical
| Characterization : Production
----------------------------------------------------------------------------------------------------------------------------------------------------

Power Report

Table of Contents
-----------------
1. Summary
1.1 On-Chip Components
1.2 Power Supply Summary
1.3 Confidence Level
2. Settings
2.1 Environment
2.2 Clock Constraints
3. Detailed Reports
3.1 By Hierarchy

1. Summary
----------

+--------------------------+----------------------------------+
| Total On-Chip Power (W)  | 46.720 (Junction temp exceeded!) |
| Design Power Budget (W)  | Unspecified*                     |
| Power Budget Margin (W)  | NA                               |
| Dynamic (W)              | 46.233                           |
| Device Static (W)        | 0.487                            |
| Effective TJA (C/W)      | 4.9                              |
| Max Ambient (C)          | 0.0                              |
| Junction Temperature (C) | 125.0                            |
| Confidence Level         | Low                              |
| Setting File             | ---                              |
| Simulation Activity File | ---                              |
| Design Nets Matched      | NA                               |
+--------------------------+----------------------------------+
* Specify Design Power Budget using, set_operating_conditions -design_power_budget <value in Watts>


1.1 On-Chip Components
----------------------

+----------------+-----------+----------+-----------+-----------------+
| On-Chip        | Power (W) | Used     | Available | Utilization (%) |
+----------------+-----------+----------+-----------+-----------------+
| Slice Logic    |     3.365 |     1697 |       --- |             --- |
|   LUT as Logic |     2.912 |      789 |     20800 |            3.79 |
|   CARRY4       |     0.302 |       91 |      8150 |            1.12 |
|   Register     |     0.116 |      570 |     41600 |            1.37 |
|   BUFG         |     0.035 |        6 |        32 |           18.75 |
|   F7/F8 Muxes  |    <0.001 |       23 |     32600 |            0.07 |
|   Others       |     0.000 |       40 |       --- |             --- |
| Signals        |     3.151 |     1291 |       --- |             --- |
| Block RAM      |     0.130 |        1 |        50 |            2.00 |
| MMCM           |    17.852 |        3 |         5 |           60.00 |
| I/O            |    21.735 |       80 |       170 |           47.06 |
| Static Power   |     0.487 |          |           |                 |
| Total          |    46.720 |          |           |                 |
+----------------+-----------+----------+-----------+-----------------+


1.2 Power Supply Summary
------------------------

+-----------+-------------+-----------+-------------+------------+-------------+-------------+------------+
| Source    | Voltage (V) | Total (A) | Dynamic (A) | Static (A) | Powerup (A) | Budget (A)  | Margin (A) |
+-----------+-------------+-----------+-------------+------------+-------------+-------------+------------+
| Vccint    |       1.000 |     7.232 |       6.891 |      0.341 |       NA    | Unspecified | NA         |
| Vccaux    |       1.800 |    10.718 |      10.664 |      0.053 |       NA    | Unspecified | NA         |
| Vcco33    |       3.300 |     6.103 |       6.102 |      0.001 |       NA    | Unspecified | NA         |
| Vcco25    |       2.500 |     0.000 |       0.000 |      0.000 |       NA    | Unspecified | NA         |
| Vcco18    |       1.800 |     0.000 |       0.000 |      0.000 |       NA    | Unspecified | NA         |
| Vcco15    |       1.500 |     0.000 |       0.000 |      0.000 |       NA    | Unspecified | NA         |
| Vcco135   |       1.350 |     0.000 |       0.000 |      0.000 |       NA    | Unspecified | NA         |
| Vcco12    |       1.200 |     0.000 |       0.000 |      0.000 |       NA    | Unspecified | NA         |
| Vccaux_io |       1.800 |     0.000 |       0.000 |      0.000 |       NA    | Unspecified | NA         |
| Vccbram   |       1.000 |     0.020 |       0.010 |      0.010 |       NA    | Unspecified | NA         |
| MGTAVcc   |       1.000 |     0.000 |       0.000 |      0.000 |       NA    | Unspecified | NA         |
| MGTAVtt   |       1.200 |     0.000 |       0.000 |      0.000 |       NA    | Unspecified | NA         |
| Vccadc    |       1.800 |     0.020 |       0.000 |      0.020 |       NA    | Unspecified | NA         |
+-----------+-------------+-----------+-------------+------------+-------------+-------------+------------+


1.3 Confidence Level
--------------------

+-----------------------------+------------+--------------------------------------------------------+--------------------------------------------------------------------------------------------------------------------+
| User Input Data             | Confidence | Details                                                | Action                                                                                                             |
+-----------------------------+------------+--------------------------------------------------------+--------------------------------------------------------------------------------------------------------------------+
| Design implementation state | High       | Design is routed                                       |                                                                                                                    |
| Clock nodes activity        | Low        | User specified less than 75% of clocks                 | Provide missing clock activity with a constraint file, simulation results or by editing the "By Clock Domain" view |
| I/O nodes activity          | Low        | More than 75% of inputs are missing user specification | Provide missing input activity with simulation results or by editing the "By Resource Type -> I/Os" view           |
| Internal nodes activity     | Medium     | User specified less than 25% of internal nodes         | Provide missing internal nodes activity with simulation results or by editing the "By Resource Type" views         |
| Device models               | High       | Device models are Production                           |                                                                                                                    |
|                             |            |                                                        |                                                                                                                    |
| Overall confidence level    | Low        |                                                        |                                                                                                                    |
+-----------------------------+------------+--------------------------------------------------------+--------------------------------------------------------------------------------------------------------------------+


2. Settings
-----------

2.1 Environment
---------------

+-----------------------+--------------------------+
| Ambient Temp (C)      | 25.0                     |
| ThetaJA (C/W)         | 4.9                      |
| Airflow (LFM)         | 250                      |
| Heat Sink             | medium (Medium Profile)  |
| ThetaSA (C/W)         | 4.6                      |
| Board Selection       | medium (10"x10")         |
| # of Board Layers     | 12to15 (12 to 15 Layers) |
| Board Temperature (C) | 25.0                     |
+-----------------------+--------------------------+


2.2 Clock Constraints
---------------------

+-------+--------+-----------------+
| Clock | Domain | Constraint (ns) |
+-------+--------+-----------------+


3. Detailed Reports
-------------------

3.1 By Hierarchy
----------------

+---------------------------+-----------+
| Name                      | Power (W) |
+---------------------------+-----------+
| top_module                |    46.233 |
|   cmos_sda_IOBUF_inst     |     0.423 |
|   m0                      |     9.035 |
|     m0                    |     0.427 |
|     m1                    |     7.069 |
|     m2                    |     0.561 |
|       m0                  |     0.252 |
|     m3                    |     0.153 |
|     m4                    |     0.166 |
|     m5                    |     0.152 |
|     m6                    |     0.163 |
|   m1                      |     2.782 |
|     m0                    |     1.223 |
|     m2                    |     1.447 |
|       m0                  |     1.330 |
|   m2                      |     5.833 |
|     m0                    |     0.407 |
|     m1                    |     5.426 |
|   m3                      |     5.457 |
|   m_ip                    |     1.178 |
|   sdram_dq_IOBUF[0]_inst  |     0.636 |
|   sdram_dq_IOBUF[10]_inst |     0.636 |
|   sdram_dq_IOBUF[11]_inst |     0.638 |
|   sdram_dq_IOBUF[12]_inst |     0.637 |
|   sdram_dq_IOBUF[13]_inst |     0.636 |
|   sdram_dq_IOBUF[14]_inst |     0.636 |
|   sdram_dq_IOBUF[15]_inst |     0.636 |
|   sdram_dq_IOBUF[1]_inst  |     0.637 |
|   sdram_dq_IOBUF[2]_inst  |     0.636 |
|   sdram_dq_IOBUF[3]_inst  |     0.636 |
|   sdram_dq_IOBUF[4]_inst  |     0.636 |
|   sdram_dq_IOBUF[5]_inst  |     0.636 |
|   sdram_dq_IOBUF[6]_inst  |     0.636 |
|   sdram_dq_IOBUF[7]_inst  |     0.635 |
|   sdram_dq_IOBUF[8]_inst  |     0.636 |
|   sdram_dq_IOBUF[9]_inst  |     0.636 |
+---------------------------+-----------+


